[debug] [2024-12-05T03:16:11.573Z] ----------------------------------------------------------------------
[debug] [2024-12-05T03:16:11.578Z] Command:       /usr/local/bin/node /usr/local/bin/firebase serve
[debug] [2024-12-05T03:16:11.578Z] CLI Version:   13.27.0
[debug] [2024-12-05T03:16:11.578Z] Platform:      darwin
[debug] [2024-12-05T03:16:11.578Z] Node Version:  v20.16.0
[debug] [2024-12-05T03:16:11.578Z] Time:          Wed Dec 04 2024 22:16:11 GMT-0500 (Eastern Standard Time)
[debug] [2024-12-05T03:16:11.578Z] ----------------------------------------------------------------------
[debug] 
[debug] [2024-12-05T03:16:11.637Z] Field ".functions" in "firebase.json" is possibly invalid: should be object
[debug] [2024-12-05T03:16:11.637Z] Object ".functions[0]" in "firebase.json" has unknown property: {"additionalProperty":"include"}
[debug] [2024-12-05T03:16:11.637Z] Field ".functions" in "firebase.json" is possibly invalid: should match some schema in anyOf
[debug] [2024-12-05T03:16:11.639Z] > command requires scopes: ["email","openid","https://www.googleapis.com/auth/cloudplatformprojects.readonly","https://www.googleapis.com/auth/firebase","https://www.googleapis.com/auth/cloud-platform"]
[debug] [2024-12-05T03:16:11.639Z] > authorizing via signed-in user (devangb5@gmail.com)
[debug] [2024-12-05T03:16:11.640Z] [iam] checking project around-the-ville for permissions ["firebase.projects.get"]
[debug] [2024-12-05T03:16:11.640Z] Checked if tokens are valid: false, expires at: 1733365832388
[debug] [2024-12-05T03:16:11.640Z] Checked if tokens are valid: false, expires at: 1733365832388
[debug] [2024-12-05T03:16:11.640Z] > refreshing access token with scopes: []
[debug] [2024-12-05T03:16:11.641Z] >>> [apiv2][query] POST https://www.googleapis.com/oauth2/v3/token [none]
[debug] [2024-12-05T03:16:11.641Z] >>> [apiv2][body] POST https://www.googleapis.com/oauth2/v3/token [omitted]
[debug] [2024-12-05T03:16:11.756Z] <<< [apiv2][status] POST https://www.googleapis.com/oauth2/v3/token 200
[debug] [2024-12-05T03:16:11.757Z] <<< [apiv2][body] POST https://www.googleapis.com/oauth2/v3/token [omitted]
[debug] [2024-12-05T03:16:11.765Z] >>> [apiv2][query] POST https://cloudresourcemanager.googleapis.com/v1/projects/around-the-ville:testIamPermissions [none]
[debug] [2024-12-05T03:16:11.766Z] >>> [apiv2][(partial)header] POST https://cloudresourcemanager.googleapis.com/v1/projects/around-the-ville:testIamPermissions x-goog-quota-user=projects/around-the-ville
[debug] [2024-12-05T03:16:11.766Z] >>> [apiv2][body] POST https://cloudresourcemanager.googleapis.com/v1/projects/around-the-ville:testIamPermissions {"permissions":["firebase.projects.get"]}
[debug] [2024-12-05T03:16:11.887Z] <<< [apiv2][status] POST https://cloudresourcemanager.googleapis.com/v1/projects/around-the-ville:testIamPermissions 200
[debug] [2024-12-05T03:16:11.887Z] <<< [apiv2][body] POST https://cloudresourcemanager.googleapis.com/v1/projects/around-the-ville:testIamPermissions {"permissions":["firebase.projects.get"]}
[debug] [2024-12-05T03:16:11.887Z] Checked if tokens are valid: true, expires at: 1733372170757
[debug] [2024-12-05T03:16:11.887Z] Checked if tokens are valid: true, expires at: 1733372170757
[debug] [2024-12-05T03:16:11.887Z] >>> [apiv2][query] GET https://cloudresourcemanager.googleapis.com/v1/projects/around-the-ville [none]
[debug] [2024-12-05T03:16:11.976Z] <<< [apiv2][status] GET https://cloudresourcemanager.googleapis.com/v1/projects/around-the-ville 200
[debug] [2024-12-05T03:16:11.976Z] <<< [apiv2][body] GET https://cloudresourcemanager.googleapis.com/v1/projects/around-the-ville {"projectNumber":"431313384928","projectId":"around-the-ville","lifecycleState":"ACTIVE","name":"around-the-ville","labels":{"firebase":"enabled"},"createTime":"2024-11-18T13:54:46.612446Z"}
[info] 
[info] === Serving from '/Users/devang/Documents/GitHub/concept'...
[info] 
[debug] [2024-12-05T03:16:11.980Z] defaultcredentials: writing to file /Users/devang/.config/firebase/devangb5_gmail_com_application_default_credentials.json
[debug] [2024-12-05T03:16:11.982Z] Setting GAC to /Users/devang/.config/firebase/devangb5_gmail_com_application_default_credentials.json {"metadata":{"emulator":{"name":"functions"},"message":"Setting GAC to /Users/devang/.config/firebase/devangb5_gmail_com_application_default_credentials.json"}}
[debug] [2024-12-05T03:16:11.982Z] Checked if tokens are valid: true, expires at: 1733372170757
[debug] [2024-12-05T03:16:11.982Z] Checked if tokens are valid: true, expires at: 1733372170757
[debug] [2024-12-05T03:16:11.982Z] >>> [apiv2][query] GET https://firebase.googleapis.com/v1beta1/projects/around-the-ville/adminSdkConfig [none]
[debug] [2024-12-05T03:16:12.601Z] <<< [apiv2][status] GET https://firebase.googleapis.com/v1beta1/projects/around-the-ville/adminSdkConfig 200
[debug] [2024-12-05T03:16:12.602Z] <<< [apiv2][body] GET https://firebase.googleapis.com/v1beta1/projects/around-the-ville/adminSdkConfig {"projectId":"around-the-ville","databaseURL":"https://around-the-ville-default-rtdb.firebaseio.com","storageBucket":"around-the-ville.firebasestorage.app"}
[info] i  functions: Watching "/Users/devang/Documents/GitHub/concept/functions" for Cloud Functions... {"metadata":{"emulator":{"name":"functions"},"message":"Watching \"/Users/devang/Documents/GitHub/concept/functions\" for Cloud Functions..."}}
[debug] [2024-12-05T03:16:12.624Z] Validating nodejs source
[debug] [2024-12-05T03:16:13.089Z] > [functions] package.json contents: {
  "name": "functions",
  "description": "Cloud Functions for Firebase",
  "scripts": {
    "lint": "eslint .",
    "serve": "firebase emulators:start --only functions",
    "shell": "firebase functions:shell",
    "start": "npm run shell",
    "deploy": "firebase deploy --only functions",
    "logs": "firebase functions:log"
  },
  "engines": {
    "node": "20"
  },
  "main": "index.js",
  "dependencies": {
    "axios": "^1.7.8",
    "cors": "^2.8.5",
    "firebase-admin": "^12.6.0",
    "firebase-functions": "^6.0.1"
  },
  "devDependencies": {
    "eslint": "^8.15.0",
    "eslint-config-google": "^0.14.0",
    "firebase-functions-test": "^3.1.0"
  },
  "private": true
}
[debug] [2024-12-05T03:16:13.089Z] Building nodejs source
[debug] [2024-12-05T03:16:13.089Z] Failed to find version of module node: reached end of search path /Users/devang/Documents/GitHub/concept/functions/node_modules
[info] ✔  functions: Using node@20 from host. 
[debug] [2024-12-05T03:16:13.091Z] Could not find functions.yaml. Must use http discovery
[debug] [2024-12-05T03:16:13.095Z] Found firebase-functions binary at '/Users/devang/Documents/GitHub/concept/functions/node_modules/.bin/firebase-functions'
[info] Serving at port 8149

[debug] [2024-12-05T03:16:13.415Z] Got response from /__/functions.yaml {"endpoints":{"app":{"availableMemoryMb":null,"timeoutSeconds":null,"minInstances":null,"maxInstances":null,"ingressSettings":null,"concurrency":null,"serviceAccountEmail":null,"vpc":null,"platform":"gcfv2","labels":{},"httpsTrigger":{},"entryPoint":"app"}},"specVersion":"v1alpha1","requiredAPIs":[],"extensions":{}}
[info] ✔  functions: Loaded functions definitions from source: app. {"metadata":{"emulator":{"name":"functions"},"message":"Loaded functions definitions from source: app."}}
[info] ✔  functions[us-central1-app]: http function initialized (http://localhost:5000/around-the-ville/us-central1/app). {"metadata":{"emulator":{"name":"functions"},"message":"\u001b[1mhttp\u001b[22m function initialized (http://localhost:5000/around-the-ville/us-central1/app)."}}
[debug] [2024-12-05T03:16:27.381Z] [work-queue] {"queuedWork":["/around-the-ville/us-central1/app-2024-12-05T03:16:27.381Z"],"queueLength":1,"runningWork":[],"workRunningCount":0}
[debug] [2024-12-05T03:16:27.381Z] [work-queue] {"queuedWork":[],"queueLength":0,"runningWork":["/around-the-ville/us-central1/app-2024-12-05T03:16:27.381Z"],"workRunningCount":1}
[debug] [2024-12-05T03:16:27.381Z] Accepted request GET /around-the-ville/us-central1/app --> us-central1-app
[debug] [2024-12-05T03:16:27.383Z] [functions] Runtime ready! Sending request! {"metadata":{"emulator":{"name":"functions"},"message":"[functions] Runtime ready! Sending request!"}}
[debug] [2024-12-05T03:16:27.383Z] [functions] Got req.url=/around-the-ville/us-central1/app, mapping to path=/ {"metadata":{"emulator":{"name":"functions"},"message":"[functions] Got req.url=/around-the-ville/us-central1/app, mapping to path=/"}}
[debug] [2024-12-05T03:16:27.385Z] [worker-pool] addWorker(us-central1-app) {"metadata":{"emulator":{"name":"functions"},"message":"[worker-pool] addWorker(us-central1-app)"}}
[debug] [2024-12-05T03:16:27.385Z] [worker-pool] Adding worker with key us-central1-app, total=1 {"metadata":{"emulator":{"name":"functions"},"message":"[worker-pool] Adding worker with key us-central1-app, total=1"}}
[debug] [2024-12-05T03:16:27.992Z] [runtime-status] [32138] Resolved module firebase-admin {"declared":true,"installed":true,"version":"12.7.0","resolution":"/Users/devang/Documents/GitHub/concept/functions/node_modules/firebase-admin/lib/index.js"} {"metadata":{"emulator":{"name":"functions"},"function":{"name":"us-central1-app"},"extension":{},"message":"[runtime-status] [32138] Resolved module firebase-admin {\"declared\":true,\"installed\":true,\"version\":\"12.7.0\",\"resolution\":\"/Users/devang/Documents/GitHub/concept/functions/node_modules/firebase-admin/lib/index.js\"}"}}
[debug] [2024-12-05T03:16:27.993Z] [runtime-status] [32138] Resolved module firebase-functions {"declared":true,"installed":true,"version":"6.1.1","resolution":"/Users/devang/Documents/GitHub/concept/functions/node_modules/firebase-functions/lib/v2/index.js"} {"metadata":{"emulator":{"name":"functions"},"function":{"name":"us-central1-app"},"extension":{},"message":"[runtime-status] [32138] Resolved module firebase-functions {\"declared\":true,\"installed\":true,\"version\":\"6.1.1\",\"resolution\":\"/Users/devang/Documents/GitHub/concept/functions/node_modules/firebase-functions/lib/v2/index.js\"}"}}
[debug] [2024-12-05T03:16:27.993Z] [runtime-status] [32138] Outgoing network have been stubbed. [{"name":"http","status":"mocked"},{"name":"http","status":"mocked"},{"name":"https","status":"mocked"},{"name":"https","status":"mocked"},{"name":"net","status":"mocked"}] {"metadata":{"emulator":{"name":"functions"},"function":{"name":"us-central1-app"},"extension":{},"message":"[runtime-status] [32138] Outgoing network have been stubbed. [{\"name\":\"http\",\"status\":\"mocked\"},{\"name\":\"http\",\"status\":\"mocked\"},{\"name\":\"https\",\"status\":\"mocked\"},{\"name\":\"https\",\"status\":\"mocked\"},{\"name\":\"net\",\"status\":\"mocked\"}]"}}
[debug] [2024-12-05T03:16:27.993Z] [runtime-status] [32138] Resolved module firebase-functions {"declared":true,"installed":true,"version":"6.1.1","resolution":"/Users/devang/Documents/GitHub/concept/functions/node_modules/firebase-functions/lib/v2/index.js"} {"metadata":{"emulator":{"name":"functions"},"function":{"name":"us-central1-app"},"extension":{},"message":"[runtime-status] [32138] Resolved module firebase-functions {\"declared\":true,\"installed\":true,\"version\":\"6.1.1\",\"resolution\":\"/Users/devang/Documents/GitHub/concept/functions/node_modules/firebase-functions/lib/v2/index.js\"}"}}
[debug] [2024-12-05T03:16:28.114Z] [runtime-status] [32138] Checked functions.config() {"config":{}} {"metadata":{"emulator":{"name":"functions"},"function":{"name":"us-central1-app"},"extension":{},"message":"[runtime-status] [32138] Checked functions.config() {\"config\":{}}"}}
[debug] [2024-12-05T03:16:28.114Z] [runtime-status] [32138] firebase-functions has been stubbed. {"functionsResolution":{"declared":true,"installed":true,"version":"6.1.1","resolution":"/Users/devang/Documents/GitHub/concept/functions/node_modules/firebase-functions/lib/v2/index.js"}} {"metadata":{"emulator":{"name":"functions"},"function":{"name":"us-central1-app"},"extension":{},"message":"[runtime-status] [32138] firebase-functions has been stubbed. {\"functionsResolution\":{\"declared\":true,\"installed\":true,\"version\":\"6.1.1\",\"resolution\":\"/Users/devang/Documents/GitHub/concept/functions/node_modules/firebase-functions/lib/v2/index.js\"}}"}}
[debug] [2024-12-05T03:16:28.114Z] [runtime-status] [32138] Resolved module firebase-functions {"declared":true,"installed":true,"version":"6.1.1","resolution":"/Users/devang/Documents/GitHub/concept/functions/node_modules/firebase-functions/lib/v2/index.js"} {"metadata":{"emulator":{"name":"functions"},"function":{"name":"us-central1-app"},"extension":{},"message":"[runtime-status] [32138] Resolved module firebase-functions {\"declared\":true,\"installed\":true,\"version\":\"6.1.1\",\"resolution\":\"/Users/devang/Documents/GitHub/concept/functions/node_modules/firebase-functions/lib/v2/index.js\"}"}}
[debug] [2024-12-05T03:16:28.116Z] [runtime-status] [32138] Resolved module firebase-admin {"declared":true,"installed":true,"version":"12.7.0","resolution":"/Users/devang/Documents/GitHub/concept/functions/node_modules/firebase-admin/lib/index.js"} {"metadata":{"emulator":{"name":"functions"},"function":{"name":"us-central1-app"},"extension":{},"message":"[runtime-status] [32138] Resolved module firebase-admin {\"declared\":true,\"installed\":true,\"version\":\"12.7.0\",\"resolution\":\"/Users/devang/Documents/GitHub/concept/functions/node_modules/firebase-admin/lib/index.js\"}"}}
[debug] [2024-12-05T03:16:28.116Z] [runtime-status] [32138] Resolved module firebase-functions {"declared":true,"installed":true,"version":"6.1.1","resolution":"/Users/devang/Documents/GitHub/concept/functions/node_modules/firebase-functions/lib/v2/index.js"} {"metadata":{"emulator":{"name":"functions"},"function":{"name":"us-central1-app"},"extension":{},"message":"[runtime-status] [32138] Resolved module firebase-functions {\"declared\":true,\"installed\":true,\"version\":\"6.1.1\",\"resolution\":\"/Users/devang/Documents/GitHub/concept/functions/node_modules/firebase-functions/lib/v2/index.js\"}"}}
[debug] [2024-12-05T03:16:28.116Z] [runtime-status] [32138] firebase-admin has been stubbed. {"adminResolution":{"declared":true,"installed":true,"version":"12.7.0","resolution":"/Users/devang/Documents/GitHub/concept/functions/node_modules/firebase-admin/lib/index.js"}} {"metadata":{"emulator":{"name":"functions"},"function":{"name":"us-central1-app"},"extension":{},"message":"[runtime-status] [32138] firebase-admin has been stubbed. {\"adminResolution\":{\"declared\":true,\"installed\":true,\"version\":\"12.7.0\",\"resolution\":\"/Users/devang/Documents/GitHub/concept/functions/node_modules/firebase-admin/lib/index.js\"}}"}}
[debug] [2024-12-05T03:16:28.194Z] [runtime-status] [32138] initializeApp(DEFAULT) {"credential":{"implicit":false,"projectId":"around-the-ville","privateKey":"-----BEGIN PRIVATE KEY-----\nMIIEuwIBADANBgkqhkiG9w0BAQEFAASCBKUwggShAgEAAoIBAQDGXlyC2S/Xo4SL\nTrw14znVZWjfTtU0VIar5ztSyDDGmNlZueBj8bVz9mvIyIaEvqzyXmH2EPdkDBDP\nnz/pvI718X0CJfoXd+hMEA+ptQ50KbHa/D8HKXL4g3bdOFPJgYd6QYjoozq/y5WI\n1sz0RMhdN9UuLUAKJkwEcYsWAHM9AJ9v2Cxn90JHGxXo4G3sWcQIVRO4/NN44Btv\nEMUcBPDJirtOUTS33McrVnIhyP04w6dqDKVgzjMPMPIORNNWF5lfXTGQqv7ZxUZr\nc8MTRJXTcTfQlYHcjtE+pGKYcNB6Kwr07tT4DZ0Jau3mQNSkWwfpu0mUfvMvnEVn\n4ipJiquRAgMBAAECggEAD6C6PtRDvsQ7Alsb/I5X3XIhdJtSNG7W08byL2PGZPUA\nhZ89WH5fxmCi7fTvVRitCSSqqM8+ID+LmQHRsBVK+YESkUdi6DOqBUkMJNl256ur\nv4X5JLQtIrs/s263OiQ2Y0kzsyk97QOJ1reeer2K//4QsVQ/C/Wnrj9wPtXe/k6R\nFdDFKsq49JwDvfg4/pTE7Ytb3v4hKngjzBk5DibE6uE1gBARr8beob65FIGyHI9z\nBOHEjLjDZpsmfz3RM2b4ZZxuFxUDDqK8OS1SNkXeUrdCVVYnJLr6gHmWJDI4nLHY\nhVPPaBaZU6/WrP+x66jxaPsJ/DQpJ7Wz97Gs+CUhaQKBgQD/2HdrapZIXJ5LhUSH\nBZj3rSgpzD47JNb09gktwKd2XGZRK+UPOgZOgqiUH2pqiP0a5eVi+fX6Svn9/xLD\nL5jtlhHYr60a5kC7A09Cai8WNYLoebwG8asfYtvCJmER8a7ENoWKIao6l5UmeGGf\nusUeBH23ItT9g+888qODZO6/2QKBgQDGfQNz/c/a3fzszM/o0e2G/lMNkckeAoUB\nmLF1gsEw8BhthHMWiBFK/nntC86xBLHc52DViCE+iwf/+6tYLS4Q9hgpeKjAJtIt\nz+ENH2iIJaiYO6XoxehGm6Nozmpdlc596HJqkaqxxLwbvVvd8in2kUs70u5b/YGa\nPDr0xWEueQJ/L/hma72QcADtrTtPngFurQHKhgvFn1FI/KUlE28L9yVcCdwxFqnK\nhO36rcs2KMOGsYRpfiVf+Y4VUYqB+hbylZmNvxMxYdnKSUZVlh5StddStEQe/S5S\n54+hpMWNbc/i9OdEIqItSM8jKBNqOojKbNZqu+vMA7y5HrRf9EL4gQKBgC2tk1/c\nJzttHsm4EJi5xvnsCVz0Ed6QId/OLfinEKKcfmKlun6S7bfefFyq/PQL6oq1zLkX\nTN9By6ODXVk7fIB2wfS5Scx+opvcXSRR+BJs6DGweGvrL5sgMijqZ9wFn7GmDr6r\nqyah6dBQcZXQJwwRP8kSr7wHyQ2fksnFqqmxAoGBALQ+CnKNgIk1nj1dYMHI67oB\n2dWdBOFgBVPzYupg7wVagcAaNbWMmqQguM/tht8PFmlQP11rfX96k1+Ts2FiD8Fd\np82IwkAluXohD4OcKFJw6TBNo6WKiBEUQ1Vk47wUSu+QVP22Fbi/SZ30ORxHdAeP\nh5kTI68z3mZGbJ/oyTE7\n-----END PRIVATE KEY-----\n","clientEmail":"firebase-adminsdk-vbedt@around-the-ville.iam.gserviceaccount.com","httpClient":{"retry":{"maxRetries":4,"statusCodes":[503],"ioErrorCodes":["ECONNRESET","ETIMEDOUT"],"backOffFactor":0.5,"maxDelayInMillis":60000}}}} {"metadata":{"emulator":{"name":"functions"},"function":{"name":"us-central1-app"},"extension":{},"message":"[runtime-status] [32138] initializeApp(DEFAULT) {\"credential\":{\"implicit\":false,\"projectId\":\"around-the-ville\",\"privateKey\":\"-----BEGIN PRIVATE KEY-----\\nMIIEuwIBADANBgkqhkiG9w0BAQEFAASCBKUwggShAgEAAoIBAQDGXlyC2S/Xo4SL\\nTrw14znVZWjfTtU0VIar5ztSyDDGmNlZueBj8bVz9mvIyIaEvqzyXmH2EPdkDBDP\\nnz/pvI718X0CJfoXd+hMEA+ptQ50KbHa/D8HKXL4g3bdOFPJgYd6QYjoozq/y5WI\\n1sz0RMhdN9UuLUAKJkwEcYsWAHM9AJ9v2Cxn90JHGxXo4G3sWcQIVRO4/NN44Btv\\nEMUcBPDJirtOUTS33McrVnIhyP04w6dqDKVgzjMPMPIORNNWF5lfXTGQqv7ZxUZr\\nc8MTRJXTcTfQlYHcjtE+pGKYcNB6Kwr07tT4DZ0Jau3mQNSkWwfpu0mUfvMvnEVn\\n4ipJiquRAgMBAAECggEAD6C6PtRDvsQ7Alsb/I5X3XIhdJtSNG7W08byL2PGZPUA\\nhZ89WH5fxmCi7fTvVRitCSSqqM8+ID+LmQHRsBVK+YESkUdi6DOqBUkMJNl256ur\\nv4X5JLQtIrs/s263OiQ2Y0kzsyk97QOJ1reeer2K//4QsVQ/C/Wnrj9wPtXe/k6R\\nFdDFKsq49JwDvfg4/pTE7Ytb3v4hKngjzBk5DibE6uE1gBARr8beob65FIGyHI9z\\nBOHEjLjDZpsmfz3RM2b4ZZxuFxUDDqK8OS1SNkXeUrdCVVYnJLr6gHmWJDI4nLHY\\nhVPPaBaZU6/WrP+x66jxaPsJ/DQpJ7Wz97Gs+CUhaQKBgQD/2HdrapZIXJ5LhUSH\\nBZj3rSgpzD47JNb09gktwKd2XGZRK+UPOgZOgqiUH2pqiP0a5eVi+fX6Svn9/xLD\\nL5jtlhHYr60a5kC7A09Cai8WNYLoebwG8asfYtvCJmER8a7ENoWKIao6l5UmeGGf\\nusUeBH23ItT9g+888qODZO6/2QKBgQDGfQNz/c/a3fzszM/o0e2G/lMNkckeAoUB\\nmLF1gsEw8BhthHMWiBFK/nntC86xBLHc52DViCE+iwf/+6tYLS4Q9hgpeKjAJtIt\\nz+ENH2iIJaiYO6XoxehGm6Nozmpdlc596HJqkaqxxLwbvVvd8in2kUs70u5b/YGa\\nPDr0xWEueQJ/L/hma72QcADtrTtPngFurQHKhgvFn1FI/KUlE28L9yVcCdwxFqnK\\nhO36rcs2KMOGsYRpfiVf+Y4VUYqB+hbylZmNvxMxYdnKSUZVlh5StddStEQe/S5S\\n54+hpMWNbc/i9OdEIqItSM8jKBNqOojKbNZqu+vMA7y5HrRf9EL4gQKBgC2tk1/c\\nJzttHsm4EJi5xvnsCVz0Ed6QId/OLfinEKKcfmKlun6S7bfefFyq/PQL6oq1zLkX\\nTN9By6ODXVk7fIB2wfS5Scx+opvcXSRR+BJs6DGweGvrL5sgMijqZ9wFn7GmDr6r\\nqyah6dBQcZXQJwwRP8kSr7wHyQ2fksnFqqmxAoGBALQ+CnKNgIk1nj1dYMHI67oB\\n2dWdBOFgBVPzYupg7wVagcAaNbWMmqQguM/tht8PFmlQP11rfX96k1+Ts2FiD8Fd\\np82IwkAluXohD4OcKFJw6TBNo6WKiBEUQ1Vk47wUSu+QVP22Fbi/SZ30ORxHdAeP\\nh5kTI68z3mZGbJ/oyTE7\\n-----END PRIVATE KEY-----\\n\",\"clientEmail\":\"firebase-adminsdk-vbedt@around-the-ville.iam.gserviceaccount.com\",\"httpClient\":{\"retry\":{\"maxRetries\":4,\"statusCodes\":[503],\"ioErrorCodes\":[\"ECONNRESET\",\"ETIMEDOUT\"],\"backOffFactor\":0.5,\"maxDelayInMillis\":60000}}}}"}}
[warn] ⚠  functions: The Cloud Firestore emulator is not running, so calls to Firestore will affect production. {"metadata":{"emulator":{"name":"functions"},"function":{"name":"us-central1-app"},"extension":{},"message":"The Cloud Firestore emulator is not running, so calls to Firestore will affect production."}}
[debug] [2024-12-05T03:16:28.197Z] [runtime-status] [32138] Functions runtime initialized. {"cwd":"/Users/devang/Documents/GitHub/concept/functions","node_version":"20.16.0"} {"metadata":{"emulator":{"name":"functions"},"function":{"name":"us-central1-app"},"extension":{},"message":"[runtime-status] [32138] Functions runtime initialized. {\"cwd\":\"/Users/devang/Documents/GitHub/concept/functions\",\"node_version\":\"20.16.0\"}"}}
[debug] [2024-12-05T03:16:28.197Z] [runtime-status] [32138] Listening to port: /var/folders/s7/jl1ws3b95wjf8lsg38z6v11m0000gn/T/fire_emu_1c2e0d80ea1e87e2.sock {"metadata":{"emulator":{"name":"functions"},"function":{"name":"us-central1-app"},"extension":{},"message":"[runtime-status] [32138] Listening to port: /var/folders/s7/jl1ws3b95wjf8lsg38z6v11m0000gn/T/fire_emu_1c2e0d80ea1e87e2.sock"}}
[debug] [2024-12-05T03:16:28.299Z] [worker-us-central1-app-b28defa1-79f5-44b0-988c-f5d774cec73d]: IDLE {"metadata":{"emulator":{"name":"functions"},"function":{"name":"us-central1-app"},"extension":{},"message":"[worker-us-central1-app-b28defa1-79f5-44b0-988c-f5d774cec73d]: IDLE"}}
[debug] [2024-12-05T03:16:28.300Z] [worker-pool] submitRequest(triggerId=us-central1-app) {"metadata":{"emulator":{"name":"functions"},"message":"[worker-pool] submitRequest(triggerId=us-central1-app)"}}
[info] i  functions: Beginning execution of "us-central1-app" {"metadata":{"emulator":{"name":"functions"},"function":{"name":"us-central1-app"},"extension":{},"message":"Beginning execution of \"us-central1-app\""}}
[debug] [2024-12-05T03:16:28.300Z] [worker-us-central1-app-b28defa1-79f5-44b0-988c-f5d774cec73d]: BUSY {"metadata":{"emulator":{"name":"functions"},"function":{"name":"us-central1-app"},"extension":{},"message":"[worker-us-central1-app-b28defa1-79f5-44b0-988c-f5d774cec73d]: BUSY"}}
[debug] [2024-12-05T03:16:28.304Z] Finishing up request with event=pause {"metadata":{"emulator":{"name":"functions"},"function":{"name":"us-central1-app"},"extension":{},"message":"Finishing up request with event=pause"}}
[info] i  functions: Finished "us-central1-app" in 4.169ms {"metadata":{"emulator":{"name":"functions"},"function":{"name":"us-central1-app"},"extension":{},"message":"Finished \"us-central1-app\" in 4.169ms"}}
[debug] [2024-12-05T03:16:28.304Z] [worker-us-central1-app-b28defa1-79f5-44b0-988c-f5d774cec73d]: IDLE {"metadata":{"emulator":{"name":"functions"},"function":{"name":"us-central1-app"},"extension":{},"message":"[worker-us-central1-app-b28defa1-79f5-44b0-988c-f5d774cec73d]: IDLE"}}
[debug] [2024-12-05T03:16:28.304Z] Finishing up request with event=finish {"metadata":{"emulator":{"name":"functions"},"function":{"name":"us-central1-app"},"extension":{},"message":"Finishing up request with event=finish"}}
[debug] [2024-12-05T03:16:28.304Z] Finishing up request with event=close {"metadata":{"emulator":{"name":"functions"},"function":{"name":"us-central1-app"},"extension":{},"message":"Finishing up request with event=close"}}
[debug] [2024-12-05T03:16:28.304Z] [work-queue] {"queuedWork":[],"queueLength":0,"runningWork":[],"workRunningCount":0}
[debug] [2024-12-05T03:16:34.887Z] [work-queue] {"queuedWork":["/around-the-ville/us-central1/app/blogs/1-2024-12-05T03:16:34.886Z"],"queueLength":1,"runningWork":[],"workRunningCount":0}
[debug] [2024-12-05T03:16:34.887Z] [work-queue] {"queuedWork":[],"queueLength":0,"runningWork":["/around-the-ville/us-central1/app/blogs/1-2024-12-05T03:16:34.886Z"],"workRunningCount":1}
[debug] [2024-12-05T03:16:34.887Z] Accepted request GET /around-the-ville/us-central1/app/blogs/1 --> us-central1-app
[debug] [2024-12-05T03:16:34.891Z] [functions] Runtime ready! Sending request! {"metadata":{"emulator":{"name":"functions"},"message":"[functions] Runtime ready! Sending request!"}}
[debug] [2024-12-05T03:16:34.891Z] [functions] Got req.url=/around-the-ville/us-central1/app/blogs/1, mapping to path=/blogs/1 {"metadata":{"emulator":{"name":"functions"},"message":"[functions] Got req.url=/around-the-ville/us-central1/app/blogs/1, mapping to path=/blogs/1"}}
[debug] [2024-12-05T03:16:34.891Z] [worker-pool] submitRequest(triggerId=us-central1-app) {"metadata":{"emulator":{"name":"functions"},"message":"[worker-pool] submitRequest(triggerId=us-central1-app)"}}
[info] i  functions: Beginning execution of "us-central1-app" {"metadata":{"emulator":{"name":"functions"},"function":{"name":"us-central1-app"},"extension":{},"message":"Beginning execution of \"us-central1-app\""}}
[debug] [2024-12-05T03:16:34.891Z] [worker-us-central1-app-b28defa1-79f5-44b0-988c-f5d774cec73d]: BUSY {"metadata":{"emulator":{"name":"functions"},"function":{"name":"us-central1-app"},"extension":{},"message":"[worker-us-central1-app-b28defa1-79f5-44b0-988c-f5d774cec73d]: BUSY"}}
[info] >  Fetching blog with number: 1 {"user":"Fetching blog with number: 1","metadata":{"emulator":{"name":"functions"},"function":{"name":"us-central1-app"},"extension":{},"message":"\u001b[90m> \u001b[39m Fetching blog with number: 1"}}
[debug] [2024-12-05T03:16:35.529Z] Finishing up request with event=pause {"metadata":{"emulator":{"name":"functions"},"function":{"name":"us-central1-app"},"extension":{},"message":"Finishing up request with event=pause"}}
[info] i  functions: Finished "us-central1-app" in 637.547667ms {"metadata":{"emulator":{"name":"functions"},"function":{"name":"us-central1-app"},"extension":{},"message":"Finished \"us-central1-app\" in 637.547667ms"}}
[debug] [2024-12-05T03:16:35.529Z] [worker-us-central1-app-b28defa1-79f5-44b0-988c-f5d774cec73d]: IDLE {"metadata":{"emulator":{"name":"functions"},"function":{"name":"us-central1-app"},"extension":{},"message":"[worker-us-central1-app-b28defa1-79f5-44b0-988c-f5d774cec73d]: IDLE"}}
[debug] [2024-12-05T03:16:35.529Z] Finishing up request with event=finish {"metadata":{"emulator":{"name":"functions"},"function":{"name":"us-central1-app"},"extension":{},"message":"Finishing up request with event=finish"}}
[debug] [2024-12-05T03:16:35.529Z] Finishing up request with event=close {"metadata":{"emulator":{"name":"functions"},"function":{"name":"us-central1-app"},"extension":{},"message":"Finishing up request with event=close"}}
[debug] [2024-12-05T03:16:35.530Z] [work-queue] {"queuedWork":[],"queueLength":0,"runningWork":[],"workRunningCount":0}
